============================= test session starts =============================
platform win32 -- Python 3.11.4, pytest-9.0.2, pluggy-1.6.0 -- C:\KP\AI_and_Automation\Sem_4\Thesis\robot_in_air\.aikido\Scripts\python.exe
cachedir: .pytest_cache
rootdir: C:\KP\AI_and_Automation\Sem_4\Thesis\robot_in_air\generative_kitting
plugins: anyio-4.13.0
collecting ... collected 65 items

tests/test_controller.py::TestWorkspaceBoundary::test_valid_position PASSED [  1%]
tests/test_controller.py::TestWorkspaceBoundary::test_x_too_low PASSED   [  3%]
tests/test_controller.py::TestWorkspaceBoundary::test_x_too_high PASSED  [  4%]
tests/test_controller.py::TestWorkspaceBoundary::test_y_too_low PASSED   [  6%]
tests/test_controller.py::TestWorkspaceBoundary::test_z_too_low PASSED   [  7%]
tests/test_controller.py::TestWorkspaceBoundary::test_z_too_high PASSED  [  9%]
tests/test_controller.py::TestWorkspaceBoundary::test_boundary_inclusive PASSED [ 10%]
tests/test_controller.py::TestWorkspaceBoundary::test_clamp PASSED       [ 12%]
tests/test_controller.py::TestWorkspaceBoundary::test_clamp_unchanged PASSED [ 13%]
tests/test_controller.py::TestGripperForce::test_valid_force PASSED      [ 15%]
tests/test_controller.py::TestGripperForce::test_zero_force PASSED       [ 16%]
tests/test_controller.py::TestGripperForce::test_excessive_force PASSED  [ 18%]
tests/test_controller.py::TestGripperForce::test_negative_force PASSED   [ 20%]
tests/test_controller.py::TestMotionLibrary::test_pre_grasp_waypoint_count PASSED [ 21%]
tests/test_controller.py::TestMotionLibrary::test_pre_grasp_z_ordering PASSED [ 23%]
tests/test_controller.py::TestMotionLibrary::test_place_sequence_waypoint_count PASSED [ 24%]
tests/test_controller.py::TestMotionLibrary::test_transit_path_waypoint_count PASSED [ 26%]
tests/test_controller.py::TestMotionLibrary::test_transit_same_z PASSED  [ 27%]
tests/test_controller.py::TestMotionLibrary::test_full_pick_place_sequence PASSED [ 29%]
tests/test_controller.py::TestMotionLibrary::test_tcp_z_offset_applied PASSED [ 30%]
tests/test_controller.py::TestSafetyMonitor::test_valid_pose PASSED      [ 32%]
tests/test_controller.py::TestSafetyMonitor::test_invalid_pose PASSED    [ 33%]
tests/test_controller.py::TestSafetyMonitor::test_valid_force PASSED     [ 35%]
tests/test_controller.py::TestSafetyMonitor::test_excessive_force PASSED [ 36%]
tests/test_controller.py::TestSafetyMonitor::test_estop_flag PASSED      [ 38%]
tests/test_controller.py::TestSafetyMonitor::test_timeout_context PASSED [ 40%]
tests/test_integration.py::TestEndToEndPipeline::test_vlm_to_plan_pipeline PASSED [ 41%]
tests/test_integration.py::TestEndToEndPipeline::test_plan_references_scene_objects PASSED [ 43%]
tests/test_integration.py::TestEndToEndPipeline::test_invalid_plan_triggers_retry_info PASSED [ 44%]
tests/test_integration.py::TestDatabaseIntegration::test_seed_and_query PASSED [ 46%]
tests/test_integration.py::TestDatabaseIntegration::test_action_logging PASSED [ 47%]
tests/test_integration.py::TestDatabaseIntegration::test_kit_required_parts PASSED [ 49%]
tests/test_integration.py::TestDatabaseIntegration::test_part_lookup_by_label PASSED [ 50%]
tests/test_integration.py::TestReportStructure::test_report_keys PASSED  [ 52%]
tests/test_perception.py::TestVLMParsing::test_valid_json PASSED         [ 53%]
tests/test_perception.py::TestVLMParsing::test_markdown_fenced_json PASSED [ 55%]
tests/test_perception.py::TestVLMParsing::test_json_with_surrounding_text PASSED [ 56%]
tests/test_perception.py::TestVLMParsing::test_malformed_json_raises PASSED [ 58%]
tests/test_perception.py::TestVLMParsing::test_empty_string_raises PASSED [ 60%]
tests/test_perception.py::TestVLMParsing::test_whitespace_trimming PASSED [ 61%]
tests/test_perception.py::TestVLMValidation::test_valid_scene_passes PASSED [ 63%]
tests/test_perception.py::TestVLMValidation::test_low_confidence_rejected PASSED [ 64%]
tests/test_perception.py::TestVLMValidation::test_out_of_bounds_rejected PASSED [ 66%]
tests/test_perception.py::TestVLMValidation::test_missing_field_rejected PASSED [ 67%]
tests/test_perception.py::TestVLMValidation::test_missing_detected_objects_raises PASSED [ 69%]
tests/test_perception.py::TestVLMValidation::test_non_dict_raises PASSED [ 70%]
tests/test_perception.py::TestVLMValidation::test_invalid_affordance_normalised PASSED [ 72%]
tests/test_perception.py::TestVLMValidation::test_count_by_label PASSED  [ 73%]
tests/test_perception.py::TestVLMValidation::test_confidence_clamped_to_one PASSED [ 75%]
tests/test_planner.py::TestValidPlan::test_valid_plan_passes PASSED      [ 76%]
tests/test_planner.py::TestValidPlan::test_total_steps_corrected PASSED  [ 78%]
tests/test_planner.py::TestInvalidPlan::test_invalid_action_rejected PASSED [ 80%]
tests/test_planner.py::TestInvalidPlan::test_no_start_move_home PASSED   [ 81%]
tests/test_planner.py::TestInvalidPlan::test_no_end_move_home PASSED     [ 83%]
tests/test_planner.py::TestInvalidPlan::test_pick_without_open_gripper PASSED [ 84%]
tests/test_planner.py::TestInvalidPlan::test_pick_without_verify_grasp PASSED [ 86%]
tests/test_planner.py::TestInvalidPlan::test_coordinate_out_of_bounds PASSED [ 87%]
tests/test_planner.py::TestInvalidPlan::test_unknown_object_id PASSED    [ 89%]
tests/test_planner.py::TestInvalidPlan::test_too_many_steps PASSED       [ 90%]
tests/test_planner.py::TestInvalidPlan::test_joint_angle_rejection PASSED [ 92%]
tests/test_planner.py::TestInvalidPlan::test_empty_plan_fails PASSED     [ 93%]
tests/test_planner.py::TestPlanValidationError::test_error_has_errors_list PASSED [ 95%]
tests/test_planner.py::TestPlanValidationError::test_error_has_plan PASSED [ 96%]
tests/test_planner.py::TestPlanValidationError::test_error_message_truncated PASSED [ 98%]
tests/test_planner.py::TestPlanValidationError::test_allowed_actions_complete PASSED [100%]

============================= 65 passed in 1.41s ==============================
